{"/home/eduardo.feitosa/Documentos/Projetos/xewards-coupon-ui/src/components/atoms/Button/index.jsx": {"path":"/home/eduardo.feitosa/Documentos/Projetos/xewards-coupon-ui/src/components/atoms/Button/index.jsx","statementMap":{},"fnMap":{},"branchMap":{},"s":{},"f":{},"b":{},"hash":"dd37e6e5e09414a681f64b781ea94341820e8db1"}
,"/home/eduardo.feitosa/Documentos/Projetos/xewards-coupon-ui/src/components/atoms/Input/index.jsx": {"path":"/home/eduardo.feitosa/Documentos/Projetos/xewards-coupon-ui/src/components/atoms/Input/index.jsx","statementMap":{},"fnMap":{},"branchMap":{},"s":{},"f":{},"b":{},"hash":"34055f0f29d883cad12c43956ef9012899965a34"}
,"/home/eduardo.feitosa/Documentos/Projetos/xewards-coupon-ui/src/components/atoms/Paragraph/index.jsx": {"path":"/home/eduardo.feitosa/Documentos/Projetos/xewards-coupon-ui/src/components/atoms/Paragraph/index.jsx","statementMap":{"0":{"start":{"line":4,"column":24},"end":{"line":17,"column":1}},"1":{"start":{"line":5,"column":2},"end":{"line":15,"column":3}},"2":{"start":{"line":5,"column":15},"end":{"line":5,"column":16}},"3":{"start":{"line":6,"column":4},"end":{"line":14,"column":5}},"4":{"start":{"line":10,"column":6},"end":{"line":13,"column":8}},"5":{"start":{"line":16,"column":2},"end":{"line":16,"column":14}},"6":{"start":{"line":19,"column":21},"end":{"line":21,"column":1}},"7":{"start":{"line":20,"column":2},"end":{"line":20,"column":53}},"8":{"start":{"line":23,"column":21},"end":{"line":25,"column":1}},"9":{"start":{"line":24,"column":2},"end":{"line":24,"column":50}},"10":{"start":{"line":27,"column":18},"end":{"line":40,"column":1}},"11":{"start":{"line":33,"column":2},"end":{"line":39,"column":3}},"12":{"start":{"line":42,"column":0},"end":{"line":47,"column":1}},"13":{"start":{"line":49,"column":0},"end":{"line":52,"column":1}}},"fnMap":{"0":{"name":"(anonymous_0)","decl":{"start":{"line":4,"column":24},"end":{"line":4,"column":25}},"loc":{"start":{"line":4,"column":41},"end":{"line":17,"column":1}},"line":4},"1":{"name":"(anonymous_1)","decl":{"start":{"line":19,"column":21},"end":{"line":19,"column":22}},"loc":{"start":{"line":19,"column":38},"end":{"line":21,"column":1}},"line":19},"2":{"name":"(anonymous_2)","decl":{"start":{"line":23,"column":21},"end":{"line":23,"column":22}},"loc":{"start":{"line":23,"column":32},"end":{"line":25,"column":1}},"line":23},"3":{"name":"(anonymous_3)","decl":{"start":{"line":27,"column":18},"end":{"line":27,"column":19}},"loc":{"start":{"line":32,"column":6},"end":{"line":40,"column":1}},"line":32}},"branchMap":{"0":{"loc":{"start":{"line":6,"column":4},"end":{"line":14,"column":5}},"type":"if","locations":[{"start":{"line":6,"column":4},"end":{"line":14,"column":5}},{"start":{"line":6,"column":4},"end":{"line":14,"column":5}}],"line":6},"1":{"loc":{"start":{"line":7,"column":6},"end":{"line":8,"column":70}},"type":"binary-expr","locations":[{"start":{"line":7,"column":8},"end":{"line":7,"column":39}},{"start":{"line":7,"column":45},"end":{"line":7,"column":60}},{"start":{"line":8,"column":8},"end":{"line":8,"column":43}},{"start":{"line":8,"column":49},"end":{"line":8,"column":68}}],"line":7},"2":{"loc":{"start":{"line":20,"column":9},"end":{"line":20,"column":52}},"type":"cond-expr","locations":[{"start":{"line":20,"column":17},"end":{"line":20,"column":45}},{"start":{"line":20,"column":48},"end":{"line":20,"column":52}}],"line":20},"3":{"loc":{"start":{"line":24,"column":9},"end":{"line":24,"column":49}},"type":"cond-expr","locations":[{"start":{"line":24,"column":17},"end":{"line":24,"column":44}},{"start":{"line":24,"column":47},"end":{"line":24,"column":49}}],"line":24}},"s":{"0":1,"1":0,"2":0,"3":0,"4":0,"5":0,"6":1,"7":0,"8":1,"9":0,"10":1,"11":0,"12":1,"13":1},"f":{"0":0,"1":0,"2":0,"3":0},"b":{"0":[0,0],"1":[0,0,0,0],"2":[0,0],"3":[0,0]},"_coverageSchema":"43e27e138ebf9cfc5966b082cf9a028302ed4184","hash":"0457e0fbf52b8f392d3a7edfec538db75d831c35"}
,"/home/eduardo.feitosa/Documentos/Projetos/xewards-coupon-ui/src/components/atoms/Tagging/index.jsx": {"path":"/home/eduardo.feitosa/Documentos/Projetos/xewards-coupon-ui/src/components/atoms/Tagging/index.jsx","statementMap":{"0":{"start":{"line":4,"column":16},"end":{"line":8,"column":42}},"1":{"start":{"line":8,"column":6},"end":{"line":8,"column":42}},"2":{"start":{"line":10,"column":0},"end":{"line":14,"column":1}},"3":{"start":{"line":16,"column":0},"end":{"line":18,"column":1}}},"fnMap":{"0":{"name":"(anonymous_0)","decl":{"start":{"line":4,"column":16},"end":{"line":4,"column":17}},"loc":{"start":{"line":8,"column":6},"end":{"line":8,"column":42}},"line":8}},"branchMap":{},"s":{"0":0,"1":0,"2":0,"3":0},"f":{"0":0},"b":{},"hash":"5d9d172939c9d443d64c983659a3bbcdeb83776e"}
,"/home/eduardo.feitosa/Documentos/Projetos/xewards-coupon-ui/src/components/molecules/Ticket/index.jsx": {"path":"/home/eduardo.feitosa/Documentos/Projetos/xewards-coupon-ui/src/components/molecules/Ticket/index.jsx","statementMap":{"0":{"start":{"line":5,"column":18},"end":{"line":5,"column":36}},"1":{"start":{"line":7,"column":15},"end":{"line":21,"column":1}},"2":{"start":{"line":8,"column":18},"end":{"line":8,"column":29}},"3":{"start":{"line":9,"column":2},"end":{"line":20,"column":3}}},"fnMap":{"0":{"name":"(anonymous_0)","decl":{"start":{"line":7,"column":15},"end":{"line":7,"column":16}},"loc":{"start":{"line":7,"column":21},"end":{"line":21,"column":1}},"line":7}},"branchMap":{},"s":{"0":1,"1":1,"2":0,"3":0},"f":{"0":0},"b":{},"_coverageSchema":"43e27e138ebf9cfc5966b082cf9a028302ed4184","hash":"50dae2054bf8e258faed60b2fd3d10443e965fec"}
,"/home/eduardo.feitosa/Documentos/Projetos/xewards-coupon-ui/src/components/molecules/Ticket/styles.js": {"path":"/home/eduardo.feitosa/Documentos/Projetos/xewards-coupon-ui/src/components/molecules/Ticket/styles.js","statementMap":{"0":{"start":{"line":3,"column":15},"end":{"line":9,"column":1}},"1":{"start":{"line":11,"column":15},"end":{"line":53,"column":1}},"2":{"start":{"line":55,"column":0},"end":{"line":55,"column":44}},"3":{"start":{"line":56,"column":0},"end":{"line":56,"column":47}}},"fnMap":{},"branchMap":{},"s":{"0":1,"1":1,"2":1,"3":1},"f":{},"b":{},"_coverageSchema":"43e27e138ebf9cfc5966b082cf9a028302ed4184","hash":"a1c5c653a82867fdc6f5860c7abcf184fd0047a9"}
,"/home/eduardo.feitosa/Documentos/Projetos/xewards-coupon-ui/src/components/organisms/BodyHome/index.jsx": {"path":"/home/eduardo.feitosa/Documentos/Projetos/xewards-coupon-ui/src/components/organisms/BodyHome/index.jsx","statementMap":{"0":{"start":{"line":7,"column":17},"end":{"line":31,"column":1}},"1":{"start":{"line":8,"column":2},"end":{"line":30,"column":3}}},"fnMap":{"0":{"name":"(anonymous_0)","decl":{"start":{"line":7,"column":17},"end":{"line":7,"column":18}},"loc":{"start":{"line":7,"column":23},"end":{"line":31,"column":1}},"line":7}},"branchMap":{},"s":{"0":1,"1":1},"f":{"0":1},"b":{},"_coverageSchema":"43e27e138ebf9cfc5966b082cf9a028302ed4184","hash":"04b707fc8693c4b700f9e224065d81eb0ae76397"}
,"/home/eduardo.feitosa/Documentos/Projetos/xewards-coupon-ui/src/components/organisms/Footer/index.jsx": {"path":"/home/eduardo.feitosa/Documentos/Projetos/xewards-coupon-ui/src/components/organisms/Footer/index.jsx","statementMap":{"0":{"start":{"line":3,"column":15},"end":{"line":7,"column":1}},"1":{"start":{"line":4,"column":2},"end":{"line":6,"column":3}}},"fnMap":{"0":{"name":"(anonymous_0)","decl":{"start":{"line":3,"column":15},"end":{"line":3,"column":16}},"loc":{"start":{"line":3,"column":21},"end":{"line":7,"column":1}},"line":3}},"branchMap":{},"s":{"0":0,"1":0},"f":{"0":0},"b":{},"hash":"5c3dc6289263bdcdb79716c10468f9e0b3f61dc2"}
,"/home/eduardo.feitosa/Documentos/Projetos/xewards-coupon-ui/src/components/organisms/Header/index.jsx": {"path":"/home/eduardo.feitosa/Documentos/Projetos/xewards-coupon-ui/src/components/organisms/Header/index.jsx","statementMap":{"0":{"start":{"line":9,"column":18},"end":{"line":9,"column":36}},"1":{"start":{"line":11,"column":15},"end":{"line":20,"column":1}},"2":{"start":{"line":12,"column":18},"end":{"line":12,"column":29}},"3":{"start":{"line":13,"column":2},"end":{"line":19,"column":3}}},"fnMap":{"0":{"name":"(anonymous_0)","decl":{"start":{"line":11,"column":15},"end":{"line":11,"column":16}},"loc":{"start":{"line":11,"column":21},"end":{"line":20,"column":1}},"line":11}},"branchMap":{},"s":{"0":0,"1":0,"2":0,"3":0},"f":{"0":0},"b":{},"hash":"b947a84a8d2ba27a4057b510d7d7375d07ad6ddb"}
,"/home/eduardo.feitosa/Documentos/Projetos/xewards-coupon-ui/src/components/organisms/Header/styles.js": {"path":"/home/eduardo.feitosa/Documentos/Projetos/xewards-coupon-ui/src/components/organisms/Header/styles.js","statementMap":{"0":{"start":{"line":1,"column":15},"end":{"line":9,"column":1}}},"fnMap":{},"branchMap":{},"s":{"0":0},"f":{},"b":{},"hash":"a3593ae4bfc5252c9b161caae15ee801b060ee5d"}
,"/home/eduardo.feitosa/Documentos/Projetos/xewards-coupon-ui/src/components/pages/Confirmation/index.jsx": {"path":"/home/eduardo.feitosa/Documentos/Projetos/xewards-coupon-ui/src/components/pages/Confirmation/index.jsx","statementMap":{"0":{"start":{"line":4,"column":21},"end":{"line":13,"column":1}},"1":{"start":{"line":5,"column":2},"end":{"line":12,"column":3}}},"fnMap":{"0":{"name":"(anonymous_0)","decl":{"start":{"line":4,"column":21},"end":{"line":4,"column":22}},"loc":{"start":{"line":4,"column":27},"end":{"line":13,"column":1}},"line":4}},"branchMap":{},"s":{"0":0,"1":0},"f":{"0":0},"b":{},"hash":"7e43d0ce2bfba3d2e867fc545cb2135a7b97c1ce"}
,"/home/eduardo.feitosa/Documentos/Projetos/xewards-coupon-ui/src/components/pages/Home/index.jsx": {"path":"/home/eduardo.feitosa/Documentos/Projetos/xewards-coupon-ui/src/components/pages/Home/index.jsx","statementMap":{"0":{"start":{"line":6,"column":13},"end":{"line":16,"column":1}},"1":{"start":{"line":7,"column":2},"end":{"line":15,"column":3}}},"fnMap":{"0":{"name":"(anonymous_0)","decl":{"start":{"line":6,"column":13},"end":{"line":6,"column":14}},"loc":{"start":{"line":6,"column":19},"end":{"line":16,"column":1}},"line":6}},"branchMap":{},"s":{"0":0,"1":0},"f":{"0":0},"b":{},"hash":"550d52d3c7bcae1fc0b22400c960eb6ba1261314"}
,"/home/eduardo.feitosa/Documentos/Projetos/xewards-coupon-ui/src/components/pages/NotFound/index.jsx": {"path":"/home/eduardo.feitosa/Documentos/Projetos/xewards-coupon-ui/src/components/pages/NotFound/index.jsx","statementMap":{"0":{"start":{"line":4,"column":17},"end":{"line":13,"column":1}},"1":{"start":{"line":5,"column":2},"end":{"line":12,"column":3}}},"fnMap":{"0":{"name":"(anonymous_0)","decl":{"start":{"line":4,"column":17},"end":{"line":4,"column":18}},"loc":{"start":{"line":4,"column":23},"end":{"line":13,"column":1}},"line":4}},"branchMap":{},"s":{"0":0,"1":0},"f":{"0":0},"b":{},"hash":"245b0183e8ab41449e1338a53c14ffb1e8d1e2ee"}
}
