TN:
SF:/home/eduardo.feitosa/Documentos/Projetos/xewards-coupon-ui/src/components/atoms/Button/index.jsx
FNF:0
FNH:0
LF:0
LH:0
BRF:0
BRH:0
end_of_record
TN:
SF:/home/eduardo.feitosa/Documentos/Projetos/xewards-coupon-ui/src/components/atoms/Input/index.jsx
FNF:0
FNH:0
LF:0
LH:0
BRF:0
BRH:0
end_of_record
TN:
SF:/home/eduardo.feitosa/Documentos/Projetos/xewards-coupon-ui/src/components/atoms/Paragraph/index.jsx
FN:4,(anonymous_0)
FN:19,(anonymous_1)
FN:23,(anonymous_2)
FN:27,(anonymous_3)
FNF:4
FNH:0
FNDA:0,(anonymous_0)
FNDA:0,(anonymous_1)
FNDA:0,(anonymous_2)
FNDA:0,(anonymous_3)
DA:4,1
DA:5,0
DA:6,0
DA:10,0
DA:16,0
DA:19,1
DA:20,0
DA:23,1
DA:24,0
DA:27,1
DA:33,0
DA:42,1
DA:49,1
LF:13
LH:6
BRDA:6,0,0,0
BRDA:6,0,1,0
BRDA:7,1,0,0
BRDA:7,1,1,0
BRDA:7,1,2,0
BRDA:7,1,3,0
BRDA:20,2,0,0
BRDA:20,2,1,0
BRDA:24,3,0,0
BRDA:24,3,1,0
BRF:10
BRH:0
end_of_record
TN:
SF:/home/eduardo.feitosa/Documentos/Projetos/xewards-coupon-ui/src/components/atoms/Tagging/index.jsx
FN:4,(anonymous_0)
FNF:1
FNH:0
FNDA:0,(anonymous_0)
DA:4,0
DA:8,0
DA:10,0
DA:16,0
LF:4
LH:0
BRF:0
BRH:0
end_of_record
TN:
SF:/home/eduardo.feitosa/Documentos/Projetos/xewards-coupon-ui/src/components/molecules/Ticket/index.jsx
FN:7,(anonymous_0)
FNF:1
FNH:0
FNDA:0,(anonymous_0)
DA:5,1
DA:7,1
DA:8,0
DA:9,0
LF:4
LH:2
BRF:0
BRH:0
end_of_record
TN:
SF:/home/eduardo.feitosa/Documentos/Projetos/xewards-coupon-ui/src/components/molecules/Ticket/styles.js
FNF:0
FNH:0
DA:3,1
DA:11,1
DA:55,1
DA:56,1
LF:4
LH:4
BRF:0
BRH:0
end_of_record
TN:
SF:/home/eduardo.feitosa/Documentos/Projetos/xewards-coupon-ui/src/components/organisms/BodyHome/index.jsx
FN:7,(anonymous_0)
FNF:1
FNH:1
FNDA:1,(anonymous_0)
DA:7,1
DA:8,1
LF:2
LH:2
BRF:0
BRH:0
end_of_record
TN:
SF:/home/eduardo.feitosa/Documentos/Projetos/xewards-coupon-ui/src/components/organisms/Footer/index.jsx
FN:3,(anonymous_0)
FNF:1
FNH:0
FNDA:0,(anonymous_0)
DA:3,0
DA:4,0
LF:2
LH:0
BRF:0
BRH:0
end_of_record
TN:
SF:/home/eduardo.feitosa/Documentos/Projetos/xewards-coupon-ui/src/components/organisms/Header/index.jsx
FN:11,(anonymous_0)
FNF:1
FNH:0
FNDA:0,(anonymous_0)
DA:9,0
DA:11,0
DA:12,0
DA:13,0
LF:4
LH:0
BRF:0
BRH:0
end_of_record
TN:
SF:/home/eduardo.feitosa/Documentos/Projetos/xewards-coupon-ui/src/components/organisms/Header/styles.js
FNF:0
FNH:0
DA:1,0
LF:1
LH:0
BRF:0
BRH:0
end_of_record
TN:
SF:/home/eduardo.feitosa/Documentos/Projetos/xewards-coupon-ui/src/components/pages/Confirmation/index.jsx
FN:4,(anonymous_0)
FNF:1
FNH:0
FNDA:0,(anonymous_0)
DA:4,0
DA:5,0
LF:2
LH:0
BRF:0
BRH:0
end_of_record
TN:
SF:/home/eduardo.feitosa/Documentos/Projetos/xewards-coupon-ui/src/components/pages/Home/index.jsx
FN:6,(anonymous_0)
FNF:1
FNH:0
FNDA:0,(anonymous_0)
DA:6,0
DA:7,0
LF:2
LH:0
BRF:0
BRH:0
end_of_record
TN:
SF:/home/eduardo.feitosa/Documentos/Projetos/xewards-coupon-ui/src/components/pages/NotFound/index.jsx
FN:4,(anonymous_0)
FNF:1
FNH:0
FNDA:0,(anonymous_0)
DA:4,0
DA:5,0
LF:2
LH:0
BRF:0
BRH:0
end_of_record
